LLauncher/app/build/outputs/logs/manifest-merger-debug-report.txt
-- Merging decision tree log ---
manifest
ADDED from src/main/AndroidManifest.xml:2:1-79:12
	xmlns:android
		ADDED from src/main/AndroidManifest.xml:2:11-69
	package
		ADDED from src/main/AndroidManifest.xml:3:5-35
		INJECTED from src/main/AndroidManifest.xml
		INJECTED from src/main/AndroidManifest.xml
	android:versionName
		INJECTED from src/main/AndroidManifest.xml
		INJECTED from src/main/AndroidManifest.xml
	android:versionCode
		INJECTED from src/main/AndroidManifest.xml
		INJECTED from src/main/AndroidManifest.xml
uses-permission#android.permission.INTERNET
ADDED from src/main/AndroidManifest.xml:5:5-67
MERGED from [com.crashlytics.sdk.android:crashlytics:2.5.2] AndroidManifest.xml:9:5-67
MERGED from [com.crashlytics.sdk.android:answers:1.3.2] AndroidManifest.xml:9:5-67
MERGED from [io.fabric.sdk.android:fabric:1.3.6] AndroidManifest.xml:25:5-67
MERGED from [io.fabric.sdk.android:fabric:1.3.6] AndroidManifest.xml:25:5-67
MERGED from [com.crashlytics.sdk.android:crashlytics-core:2.3.5] AndroidManifest.xml:9:5-67
MERGED from [com.crashlytics.sdk.android:answers:1.3.2] AndroidManifest.xml:9:5-67
MERGED from [io.fabric.sdk.android:fabric:1.3.6] AndroidManifest.xml:25:5-67
MERGED from [io.fabric.sdk.android:fabric:1.3.6] AndroidManifest.xml:25:5-67
	android:name
		ADDED from src/main/AndroidManifest.xml:5:22-64
application
ADDED from src/main/AndroidManifest.xml:7:5-77:19
MERGED from [com.crashlytics.sdk.android:crashlytics:2.5.2] AndroidManifest.xml:11:5-20
MERGED from [com.crashlytics.sdk.android:answers:1.3.2] AndroidManifest.xml:11:5-20
MERGED from [io.fabric.sdk.android:fabric:1.3.6] AndroidManifest.xml:27:5-20
MERGED from [io.fabric.sdk.android:fabric:1.3.6] AndroidManifest.xml:27:5-20
MERGED from [com.crashlytics.sdk.android:crashlytics-core:2.3.5] AndroidManifest.xml:11:5-20
MERGED from [com.crashlytics.sdk.android:answers:1.3.2] AndroidManifest.xml:11:5-20
MERGED from [io.fabric.sdk.android:fabric:1.3.6] AndroidManifest.xml:27:5-20
MERGED from [io.fabric.sdk.android:fabric:1.3.6] AndroidManifest.xml:27:5-20
MERGED from [com.crashlytics.sdk.android:beta:1.1.3] AndroidManifest.xml:9:5-20
	android:label
		ADDED from src/main/AndroidManifest.xml:11:9-41
	android:allowBackup
		ADDED from src/main/AndroidManifest.xml:9:9-35
	android:icon
		ADDED from src/main/AndroidManifest.xml:10:9-43
	android:theme
		ADDED from src/main/AndroidManifest.xml:12:9-40
	android:name
		ADDED from src/main/AndroidManifest.xml:8:9-58
activity#co.in.divi.llauncher.LauncherActivity
ADDED from src/main/AndroidManifest.xml:25:9-41:20
	android:screenOrientation
		ADDED from src/main/AndroidManifest.xml:29:13-50
	android:label
		ADDED from src/main/AndroidManifest.xml:27:13-45
	android:theme
		ADDED from src/main/AndroidManifest.xml:31:13-77
	android:stateNotNeeded
		ADDED from src/main/AndroidManifest.xml:30:13-42
	android:name
		ADDED from src/main/AndroidManifest.xml:26:13-65
	android:launchMode
		ADDED from src/main/AndroidManifest.xml:28:13-48
intent-filter#android.intent.action.MAIN+android.intent.category.DEFAULT+android.intent.category.HOME+android.intent.category.LAUNCHER+android.intent.category.MONKEY
ADDED from src/main/AndroidManifest.xml:32:13-40:29
action#android.intent.action.MAIN
ADDED from src/main/AndroidManifest.xml:33:17-69
	android:name
		ADDED from src/main/AndroidManifest.xml:33:25-66
category#android.intent.category.HOME
ADDED from src/main/AndroidManifest.xml:35:17-73
	android:name
		ADDED from src/main/AndroidManifest.xml:35:27-70
category#android.intent.category.DEFAULT
ADDED from src/main/AndroidManifest.xml:36:17-76
	android:name
		ADDED from src/main/AndroidManifest.xml:36:27-73
category#android.intent.category.MONKEY
ADDED from src/main/AndroidManifest.xml:37:17-75
	android:name
		ADDED from src/main/AndroidManifest.xml:37:27-72
category#android.intent.category.LAUNCHER
ADDED from src/main/AndroidManifest.xml:38:17-77
	android:name
		ADDED from src/main/AndroidManifest.xml:38:27-74
activity#co.in.divi.llauncher.ProvisionDeviceActivity
ADDED from src/main/AndroidManifest.xml:43:9-45:61
	android:screenOrientation
		ADDED from src/main/AndroidManifest.xml:45:13-49
	android:name
		ADDED from src/main/AndroidManifest.xml:44:13-72
activity#co.in.divi.llauncher.BigBossActivity
ADDED from src/main/AndroidManifest.xml:46:9-48:61
	android:screenOrientation
		ADDED from src/main/AndroidManifest.xml:48:13-49
	android:name
		ADDED from src/main/AndroidManifest.xml:47:13-64
receiver#co.in.divi.llauncher.LaunchAppReceiver
ADDED from src/main/AndroidManifest.xml:50:9-55:20
	android:name
		ADDED from src/main/AndroidManifest.xml:50:19-72
intent-filter#android.intent.category.DEFAULT+co.in.divi.llauncher.LAUNCH_APP
ADDED from src/main/AndroidManifest.xml:51:13-54:29
action#co.in.divi.llauncher.LAUNCH_APP
ADDED from src/main/AndroidManifest.xml:52:17-74
	android:name
		ADDED from src/main/AndroidManifest.xml:52:25-71
receiver#co.in.divi.llauncher.DAR
ADDED from src/main/AndroidManifest.xml:57:9-72:20
	android:label
		ADDED from src/main/AndroidManifest.xml:60:13-45
	android:description
		ADDED from src/main/AndroidManifest.xml:59:13-51
	android:permission
		ADDED from src/main/AndroidManifest.xml:61:13-70
	android:name
		ADDED from src/main/AndroidManifest.xml:58:13-52
meta-data#android.app.device_admin
ADDED from src/main/AndroidManifest.xml:62:13-64:56
	android:resource
		ADDED from src/main/AndroidManifest.xml:64:17-53
	android:name
		ADDED from src/main/AndroidManifest.xml:63:17-56
intent-filter#android.app.action.DEVICE_ADMIN_ENABLED
ADDED from src/main/AndroidManifest.xml:66:13-68:29
action#android.app.action.DEVICE_ADMIN_ENABLED
ADDED from src/main/AndroidManifest.xml:67:17-82
	android:name
		ADDED from src/main/AndroidManifest.xml:67:25-79
intent-filter#android.app.action.ACTION_PASSWORD_FAILED
ADDED from src/main/AndroidManifest.xml:69:13-71:29
action#android.app.action.ACTION_PASSWORD_FAILED
ADDED from src/main/AndroidManifest.xml:70:17-84
	android:name
		ADDED from src/main/AndroidManifest.xml:70:25-81
meta-data#io.fabric.ApiKey
ADDED from src/main/AndroidManifest.xml:74:9-76:72
	android:name
		ADDED from src/main/AndroidManifest.xml:75:13-44
	android:value
		ADDED from src/main/AndroidManifest.xml:76:13-69
uses-sdk
INJECTED from src/main/AndroidManifest.xml reason: use-sdk injection requested
MERGED from [com.crashlytics.sdk.android:crashlytics:2.5.2] AndroidManifest.xml:7:5-43
MERGED from [com.crashlytics.sdk.android:answers:1.3.2] AndroidManifest.xml:7:5-43
MERGED from [io.fabric.sdk.android:fabric:1.3.6] AndroidManifest.xml:23:5-43
MERGED from [io.fabric.sdk.android:fabric:1.3.6] AndroidManifest.xml:23:5-43
MERGED from [com.crashlytics.sdk.android:crashlytics-core:2.3.5] AndroidManifest.xml:7:5-43
MERGED from [com.crashlytics.sdk.android:answers:1.3.2] AndroidManifest.xml:7:5-43
MERGED from [io.fabric.sdk.android:fabric:1.3.6] AndroidManifest.xml:23:5-43
MERGED from [io.fabric.sdk.android:fabric:1.3.6] AndroidManifest.xml:23:5-43
MERGED from [com.crashlytics.sdk.android:beta:1.1.3] AndroidManifest.xml:7:5-43
	android:targetSdkVersion
		INJECTED from src/main/AndroidManifest.xml
		INJECTED from src/main/AndroidManifest.xml
	android:minSdkVersion
		INJECTED from src/main/AndroidManifest.xml
		INJECTED from src/main/AndroidManifest.xml